This is pdfTeX, Version 3.14159265-2.6-1.40.16 (TeX Live 2015) (preloaded format=pdflatex 2015.5.24)  19 JUL 2018 16:56
entering extended mode
 restricted \write18 enabled.
 file:line:error style messages enabled.
 %&-line parsing enabled.
**vaught_2017.tex
(./vaught_2017.tex
LaTeX2e <2015/01/01>
Babel <3.9l> and hyphenation patterns for 79 languages loaded.
(./aastex61.cls
Document Class: aastex61 2016/04/16 Version 6.1/AAS markup document class
Class aastex Info: 
 
 Original \LaTeX2.09 style by Chris Biemesderfer (chris@seagoat.com). 
 Adapted to \LaTeXe by A. Ogawa (ogawa@teleport.com)
 emulateapj.cls included, Copyright 2000-2015 Alexey Vikhlinin 
 Rewrite and update of emulateapj.cls, revised and enhanced with table macros, 
gridlines, draft watermark,
 track changes, new `modern' style and much more, by Amy Hendrickson,
 (amyh@texnology.com, http://www.texnology.com) 
 
  on input line 106.
\bibbaselineskip=\skip41
(/usr/local/texlive/2015/texmf-dist/tex/latex/revtex/revtex4-1.cls
Document Class: revtex4-1 2010/07/25/20:33:00 4.1r (http://publish.aps.org/revt
ex4/ for documentation)
 Copyright (c) 2009 The American Physical Society.
 mailto:revtex@aps.org
 Licensed under the LPPL:
http://www.ctan.org/tex-archive/macros/latex/base/lppl.txt
 Arthur Ogawa <arthur_ogawa at sbcglobal dot net>
 Based on work by David Carlisle <david at dcarlisle.demon.co.uk>.
ltxutil[2010/07/25/20:33:00 4.1r utilities package (portions licensed from W. E
. Baxter web at superscript.com)]
LaTeX Info: Redefining \@centercr on input line 308.
Class revtex4-1 Info: Repairing broken LaTeX eqnarray on input line 358.
\eqncolsep=\skip42
Class revtex4-1 Info: Repairing hyperref-unfriendly LaTeX definition of \mpfoot
note on input line 433.
Class revtex4-1 Info: Repairing broken LateX \@sect on input line 755.
\intertabularlinepenalty=\count79
\@tbpen=\count80
\@arstrutbox@hline=\box26
Class revtex4-1 Info: Repairing broken LaTeX \@xbitor on input line 1786.
Class revtex4-1 Info: Making \typeout \long on input line 2046.
ltxfront[2010/07/25/20:33:00 4.1r frontmatter package (AO,DPC)]
\c@affil=\count81
\c@collab=\count82
\absbox=\box27
ltxgrid[2010/07/25/20:33:00 4.1r page grid package (portions licensed from W. E
. Baxter web at superscript.com)]
\c@linecount=\count83
\output@latex=\toks14
\box@size@1=\box28
\box@size@2=\box29
\@protection@box=\box30
\@topmark@saved=\toks15
\footins@saved=\box31
\footins@recovered=\box32
\column@recovered=\box33
\pagesofar=\box34
\footsofar=\box35
\pagegrid@col=\count84
Class revtex4-1 Info: Overriding \@vspace, \@vspacer, \@no@pgbk, \@newline, and
 \\  on input line 5578.
\c@part=\count85
\c@section=\count86
\c@subsection=\count87
\c@subsubsection=\count88
\c@paragraph=\count89
\c@subparagraph=\count90
\abovecaptionskip=\skip43
\belowcaptionskip=\skip44
\c@figure=\count91
\fbox@1=\box36
\c@table=\count92
\fbox@2=\box37
\c@video=\count93
\fbox@4=\box38
\@bibdataout=\write3
\widetext@top=\box39
\widetext@bot=\box40
Class revtex4-1 Info: Selecting society aps on input line 7542.
(/usr/local/texlive/2015/texmf-dist/tex/latex/revtex/aps4-1.rtx
File: aps4-1 2010/07/25/20:33:00 4.1r (http://publish.aps.org/revtex4/ for docu
mentation)
Class revtex4-1 Info: RevTeX society APS selected on input line 31.
)
Class revtex4-1 Info: Selecting journal pra on input line 7544.
Class revtex4-1 Info: APS journal PRA selected on input line 7545.

(/usr/local/texlive/2015/texmf-dist/tex/latex/revtex/aps10pt4-1.rtx
File: aps10pt4-1 2010/07/25/20:33:00 4.1r (http://publish.aps.org/revtex4/ for 
documentation)
Class revtex4-1 Info: RevTeX pointsize 10pt selected on input line 30.
)
(/usr/local/texlive/2015/texmf-dist/tex/latex/textcase/textcase.sty
Package: textcase 2004/10/07 v0.07 Text only upper/lower case changing (DPC)
)
(/usr/local/texlive/2015/texmf-dist/tex/latex/url/url.sty
\Urlmuskip=\muskip10
Package: url 2013/09/16  ver 3.4  Verb mode for urls, etc.
)
(/usr/local/texlive/2015/texmf-dist/tex/latex/natbib/natbib.sty
Package: natbib 2010/09/13 8.31b (PWD, AO)
\bibhang=\skip45
\bibsep=\skip46
LaTeX Info: Redefining \cite on input line 694.
\c@NAT@ctr=\count94
)
Class revtex4-1 Info: Repairing natbib's \BibitemShut on input line 7549.

(/usr/local/texlive/2015/texmf-dist/tex/latex/revtex/revsymb4-1.sty
Package: revsymb4-1 2010/07/25/20:33:00 4.1r (http://publish.aps.org/revtex4/ f
or documentation)
LaTeX Info: Redefining \REV@mathfrak on input line 119.
))
(/usr/local/texlive/2015/texmf-dist/tex/latex/base/latexsym.sty
Package: latexsym 1998/08/17 v2.2e Standard LaTeX package (lasy symbols)
\symlasy=\mathgroup4
LaTeX Font Info:    Overwriting symbol font `lasy' in version `bold'
(Font)                  U/lasy/m/n --> U/lasy/b/n on input line 52.
)
(/usr/local/texlive/2015/texmf-dist/tex/latex/graphics/graphicx.sty
Package: graphicx 2014/10/28 v1.0g Enhanced LaTeX Graphics (DPC,SPQR)

(/usr/local/texlive/2015/texmf-dist/tex/latex/graphics/keyval.sty
Package: keyval 2014/10/28 v1.15 key=value parser (DPC)
\KV@toks@=\toks16
)
(/usr/local/texlive/2015/texmf-dist/tex/latex/graphics/graphics.sty
Package: graphics 2014/10/28 v1.0p Standard LaTeX Graphics (DPC,SPQR)

(/usr/local/texlive/2015/texmf-dist/tex/latex/graphics/trig.sty
Package: trig 1999/03/16 v1.09 sin cos tan (DPC)
)
(/usr/local/texlive/2015/texmf-dist/tex/latex/latexconfig/graphics.cfg
File: graphics.cfg 2010/04/23 v1.9 graphics configuration of TeX Live
)
Package graphics Info: Driver file: pdftex.def on input line 94.

(/usr/local/texlive/2015/texmf-dist/tex/latex/pdftex-def/pdftex.def
File: pdftex.def 2011/05/27 v0.06d Graphics/color for pdfTeX

(/usr/local/texlive/2015/texmf-dist/tex/generic/oberdiek/infwarerr.sty
Package: infwarerr 2010/04/08 v1.3 Providing info/warning/error messages (HO)
)
(/usr/local/texlive/2015/texmf-dist/tex/generic/oberdiek/ltxcmds.sty
Package: ltxcmds 2011/11/09 v1.22 LaTeX kernel commands for general use (HO)
)
\Gread@gobject=\count95
))
\Gin@req@height=\dimen102
\Gin@req@width=\dimen103
)
(/usr/local/texlive/2015/texmf-dist/tex/latex/amsfonts/amssymb.sty
Package: amssymb 2013/01/14 v3.01 AMS font symbols

(/usr/local/texlive/2015/texmf-dist/tex/latex/amsfonts/amsfonts.sty
Package: amsfonts 2013/01/14 v3.01 Basic AMSFonts support
\@emptytoks=\toks17
\symAMSa=\mathgroup5
\symAMSb=\mathgroup6
LaTeX Font Info:    Overwriting math alphabet `\mathfrak' in version `bold'
(Font)                  U/euf/m/n --> U/euf/b/n on input line 106.
LaTeX Info: Redefining \frak on input line 111.
LaTeX Info: Redefining \Bbb on input line 113.
))
(/usr/local/texlive/2015/texmf-dist/tex/generic/epsf/epsf.sty
This is `epsf.tex' v2.7.4 <14 February 2011>
\epsffilein=\read1
\epsfframemargin=\dimen104
\epsfframethickness=\dimen105
\epsfrsize=\dimen106
\epsftmp=\dimen107
\epsftsize=\dimen108
\epsfxsize=\dimen109
\epsfysize=\dimen110
\pspoints=\dimen111
)
\fncount=\count96
\endfncount=\count97
\c@front@matter@foot@note=\count98
\keys@width=\skip47
\c@lastfootnote=\count99
\c@remember@figure@num=\count100
\c@remember@table@num=\count101
\bibskip=\skip48
\bibindent=\dimen112
\plot@width=\skip49
\c@table@save=\count102
\@abovenoteskip=\dimen113
\table@note@skip=\skip50
\deluxe@table@width=\skip51
\@d@t@a=\skip52
\c@deluxe@table@num=\count103
\LTcapwidth=\dimen114
\abovedeluxetableskip=\skip53
\belowdeluxetableskip=\skip54
\lastrowheight=\dimen115
\DT@p@ftn=\toks18
\pt@column=\count104
\pt@ncol=\count105
 (/usr/local/texlive/2015/texmf-dist/tex/latex/tools/longtable.sty
Package: longtable 2014/10/28 v4.11 Multi-page Table package (DPC)
\LTleft=\skip55
\LTright=\skip56
\LTpre=\skip57
\LTpost=\skip58
\LTchunksize=\count106
\LTcapwidth=\dimen116
\LT@head=\box41
\LT@firsthead=\box42
\LT@foot=\box43
\LT@lastfoot=\box44
\LT@cols=\count107
\LT@rows=\count108
\c@LT@tables=\count109
\c@LT@chunks=\count110
\LT@p@ftn=\toks19
)
(/usr/local/texlive/2015/texmf-dist/tex/latex/xcolor/xcolor.sty
Package: xcolor 2007/01/21 v2.11 LaTeX color extensions (UK)

(/usr/local/texlive/2015/texmf-dist/tex/latex/latexconfig/color.cfg
File: color.cfg 2007/01/18 v1.5 color configuration of teTeX/TeXLive
)
Package xcolor Info: Driver file: pdftex.def on input line 225.
Package xcolor Info: Model `cmy' substituted by `cmy0' on input line 1337.
Package xcolor Info: Model `hsb' substituted by `rgb' on input line 1341.
Package xcolor Info: Model `RGB' extended on input line 1353.
Package xcolor Info: Model `HTML' substituted by `rgb' on input line 1355.
Package xcolor Info: Model `Hsb' substituted by `hsb' on input line 1356.
Package xcolor Info: Model `tHsb' substituted by `hsb' on input line 1357.
Package xcolor Info: Model `HSB' substituted by `hsb' on input line 1358.
Package xcolor Info: Model `Gray' substituted by `gray' on input line 1359.
Package xcolor Info: Model `wave' substituted by `hsb' on input line 1360.
)
(/usr/local/texlive/2015/texmf-dist/tex/latex/hyperref/hyperref.sty
Package: hyperref 2012/11/06 v6.83m Hypertext links for LaTeX

(/usr/local/texlive/2015/texmf-dist/tex/generic/oberdiek/hobsub-hyperref.sty
Package: hobsub-hyperref 2012/05/28 v1.13 Bundle oberdiek, subset hyperref (HO)


(/usr/local/texlive/2015/texmf-dist/tex/generic/oberdiek/hobsub-generic.sty
Package: hobsub-generic 2012/05/28 v1.13 Bundle oberdiek, subset generic (HO)
Package: hobsub 2012/05/28 v1.13 Construct package bundles (HO)
Package hobsub Info: Skipping package `infwarerr' (already loaded).
Package hobsub Info: Skipping package `ltxcmds' (already loaded).
Package: ifluatex 2010/03/01 v1.3 Provides the ifluatex switch (HO)
Package ifluatex Info: LuaTeX not detected.
Package: ifvtex 2010/03/01 v1.5 Detect VTeX and its facilities (HO)
Package ifvtex Info: VTeX not detected.
Package: intcalc 2007/09/27 v1.1 Expandable calculations with integers (HO)
Package: ifpdf 2011/01/30 v2.3 Provides the ifpdf switch (HO)
Package ifpdf Info: pdfTeX in PDF mode is detected.
Package: etexcmds 2011/02/16 v1.5 Avoid name clashes with e-TeX commands (HO)
Package etexcmds Info: Could not find \expanded.
(etexcmds)             That can mean that you are not using pdfTeX 1.50 or
(etexcmds)             that some package has redefined \expanded.
(etexcmds)             In the latter case, load this package earlier.
Package: kvsetkeys 2012/04/25 v1.16 Key value parser (HO)
Package: kvdefinekeys 2011/04/07 v1.3 Define keys (HO)
Package: pdftexcmds 2011/11/29 v0.20 Utility functions of pdfTeX for LuaTeX (HO
)
Package pdftexcmds Info: LuaTeX not detected.
Package pdftexcmds Info: \pdf@primitive is available.
Package pdftexcmds Info: \pdf@ifprimitive is available.
Package pdftexcmds Info: \pdfdraftmode found.
Package: pdfescape 2011/11/25 v1.13 Implements pdfTeX's escape features (HO)
Package: bigintcalc 2012/04/08 v1.3 Expandable calculations on big integers (HO
)
Package: bitset 2011/01/30 v1.1 Handle bit-vector datatype (HO)
Package: uniquecounter 2011/01/30 v1.2 Provide unlimited unique counter (HO)
)
Package hobsub Info: Skipping package `hobsub' (already loaded).
Package: letltxmacro 2010/09/02 v1.4 Let assignment for LaTeX macros (HO)
Package: hopatch 2012/05/28 v1.2 Wrapper for package hooks (HO)
Package: xcolor-patch 2011/01/30 xcolor patch
Package: atveryend 2011/06/30 v1.8 Hooks at the very end of document (HO)
Package: atbegshi 2011/10/05 v1.16 At begin shipout hook (HO)
Package: refcount 2011/10/16 v3.4 Data extraction from label references (HO)
Package: hycolor 2011/01/30 v1.7 Color options for hyperref/bookmark (HO)
)
(/usr/local/texlive/2015/texmf-dist/tex/generic/ifxetex/ifxetex.sty
Package: ifxetex 2010/09/12 v0.6 Provides ifxetex conditional
)
(/usr/local/texlive/2015/texmf-dist/tex/latex/oberdiek/auxhook.sty
Package: auxhook 2011/03/04 v1.3 Hooks for auxiliary files (HO)
)
(/usr/local/texlive/2015/texmf-dist/tex/latex/oberdiek/kvoptions.sty
Package: kvoptions 2011/06/30 v3.11 Key value format for package options (HO)
)
\@linkdim=\dimen117
\Hy@linkcounter=\count111
\Hy@pagecounter=\count112

(/usr/local/texlive/2015/texmf-dist/tex/latex/hyperref/pd1enc.def
File: pd1enc.def 2012/11/06 v6.83m Hyperref: PDFDocEncoding definition (HO)
)
\Hy@SavedSpaceFactor=\count113

(/usr/local/texlive/2015/texmf-dist/tex/latex/latexconfig/hyperref.cfg
File: hyperref.cfg 2002/06/06 v1.2 hyperref configuration of TeXLive
)
Package hyperref Info: Option `bookmarks' set `false' on input line 4319.
Package hyperref Info: Option `pdfnewwindow' set `true' on input line 4319.
Package hyperref Info: Option `colorlinks' set `true' on input line 4319.
Package hyperref Info: Option `final' set `true' on input line 4319.
Package hyperref Info: Hyper figures OFF on input line 4443.
Package hyperref Info: Link nesting OFF on input line 4448.
Package hyperref Info: Hyper index ON on input line 4451.
Package hyperref Info: Plain pages OFF on input line 4458.
Package hyperref Info: Backreferencing OFF on input line 4463.
Package hyperref Info: Implicit mode ON; LaTeX internals redefined.
Package hyperref Info: Bookmarks OFF on input line 4694.
LaTeX Info: Redefining \href on input line 4952.
\c@Hy@tempcnt=\count114
LaTeX Info: Redefining \url on input line 5041.
\XeTeXLinkMargin=\dimen118
\Fld@menulength=\count115
\Field@Width=\dimen119
\Fld@charsize=\dimen120
Package hyperref Info: Hyper figures OFF on input line 6295.
Package hyperref Info: Link nesting OFF on input line 6300.
Package hyperref Info: Hyper index ON on input line 6303.
Package hyperref Info: backreferencing OFF on input line 6310.
Package hyperref Info: Link coloring ON on input line 6313.
Package hyperref Info: Link coloring with OCG OFF on input line 6320.
Package hyperref Info: PDF/A mode OFF on input line 6325.
LaTeX Info: Redefining \ref on input line 6365.
LaTeX Info: Redefining \pageref on input line 6369.
\Hy@abspage=\count116
\c@Item=\count117
\c@Hfootnote=\count118
)

Package hyperref Message: Driver (autodetected): hpdftex.

(/usr/local/texlive/2015/texmf-dist/tex/latex/hyperref/hpdftex.def
File: hpdftex.def 2012/11/06 v6.83m Hyperref driver for pdfTeX
\Fld@listcount=\count119
\c@bookmark@seq@number=\count120

(/usr/local/texlive/2015/texmf-dist/tex/latex/oberdiek/rerunfilecheck.sty
Package: rerunfilecheck 2011/04/15 v1.7 Rerun checks for auxiliary files (HO)
Package uniquecounter Info: New unique counter `rerunfilecheck' on input line 2
82.
)
\Hy@SectionHShift=\skip59
)
(/usr/local/texlive/2015/texmf-dist/tex/latex/tools/array.sty
Package: array 2014/10/28 v2.4c Tabular extension package (FMi)
\col@sep=\dimen121
\extrarowheight=\dimen122
\NC@list=\toks20
\extratabsurround=\skip60
\backup@length=\skip61
)
\colcount=\count121
\firstcolcount=\count122
\secondcolcount=\count123
\thirdcolcount=\count124
\columncount=\count125
\howmanyDs=\count126
\firsthowmanyDs=\count127
\secondhowmanyDs=\count128
\PartsOfTable=\count129
\columnoneandtwo=\count130
\colnumsused=\count131
\loopnum=\count132
\totalcolumncount=\count133
\totalcolumns=\count134
\firsttablebox=\box45
\secondtablebox=\box46
\thirdtablebox=\box47
\longtablebox=\box48
\splitbox=\box49
\movetabledown=\dimen123
\maxtablewidth=\dimen124
\savetabskip=\dimen125
\tempcounter=\count135
\colheadcount=\count136
\rotatetablebox=\box50
\colorcount=\count137
\refchangenumber=\count138
\listchangenum=\count139

(/usr/local/texlive/2015/texmf-dist/tex/generic/ulem/ulem.sty
\UL@box=\box51
\UL@hyphenbox=\box52
\UL@skip=\skip62
\UL@hook=\toks21
\UL@height=\dimen126
\UL@pe=\count140
\UL@pixel=\dimen127
\ULC@box=\box53
Package: ulem 2012/05/18
\ULdepth=\dimen128
)
\AuthorCollaborationLimit=\count141
\largestAffilNum=\count142
\countauthors=\count143
\c@affilcount=\count144
)
(/usr/local/texlive/2015/texmf-dist/tex/latex/amsmath/amsmath.sty
Package: amsmath 2013/01/14 v2.14 AMS math features
\@mathmargin=\skip63

For additional information on amsmath, use the `?' option.
(/usr/local/texlive/2015/texmf-dist/tex/latex/amsmath/amstext.sty
Package: amstext 2000/06/29 v2.01

(/usr/local/texlive/2015/texmf-dist/tex/latex/amsmath/amsgen.sty
File: amsgen.sty 1999/11/30 v2.0
\@emptytoks=\toks22
\ex@=\dimen129
)
LaTeX Info: Redefining \text on input line 39.
)
(/usr/local/texlive/2015/texmf-dist/tex/latex/amsmath/amsbsy.sty
Package: amsbsy 1999/11/29 v1.2d
\pmbraise@=\dimen130
)
(/usr/local/texlive/2015/texmf-dist/tex/latex/amsmath/amsopn.sty
Package: amsopn 1999/12/14 v2.01 operator names
)
\inf@bad=\count145
LaTeX Info: Redefining \frac on input line 210.
\uproot@=\count146
\leftroot@=\count147
LaTeX Info: Redefining \overline on input line 306.
\classnum@=\count148
\DOTSCASE@=\count149
LaTeX Info: Redefining \ldots on input line 378.
LaTeX Info: Redefining \dots on input line 381.
LaTeX Info: Redefining \cdots on input line 466.
\Mathstrutbox@=\box54
\strutbox@=\box55
\big@size=\dimen131
LaTeX Font Info:    Redeclaring font encoding OML on input line 566.
LaTeX Font Info:    Redeclaring font encoding OMS on input line 567.
\macc@depth=\count150
\c@MaxMatrixCols=\count151
\dotsspace@=\muskip11
\c@parentequation=\count152
\dspbrk@lvl=\count153
\tag@help=\toks23
\row@=\count154
\column@=\count155
\maxfields@=\count156
\andhelp@=\toks24
\eqnshift@=\dimen132
\alignsep@=\dimen133
\tagshift@=\dimen134
\tagwidth@=\dimen135
\totwidth@=\dimen136
\lineht@=\dimen137
\@envbody=\toks25
\multlinegap=\skip64
\multlinetaggap=\skip65
\mathdisplay@stack=\toks26
LaTeX Info: Redefining \[ on input line 2665.
LaTeX Info: Redefining \] on input line 2666.
)
Class revtex4-1 Info: Unrecognized array package. Please update this document c
lass! (Proceeding with fingers crossed.) on input line 17.
Class revtex4-1 Info: Patching unrecognized longtable package. (Proceeding with
 fingers crossed) on input line 17.
Class revtex4-1 Info: Robustifying \LaTeX's \boldmath command on input line 17.

Class revtex4-1 Info: cite was not loaded (OK!) on input line 17.
Class revtex4-1 Info: mcite was not loaded (OK!) on input line 17.
Class revtex4-1 Info: multicol was not loaded (OK!) on input line 17.

(./vaught_2017.aux)
\openout1 = `vaught_2017.aux'.

LaTeX Font Info:    Checking defaults for OML/cmm/m/it on input line 17.
LaTeX Font Info:    ... okay on input line 17.
LaTeX Font Info:    Checking defaults for T1/cmr/m/n on input line 17.
LaTeX Font Info:    ... okay on input line 17.
LaTeX Font Info:    Checking defaults for OT1/cmr/m/n on input line 17.
LaTeX Font Info:    ... okay on input line 17.
LaTeX Font Info:    Checking defaults for OMS/cmsy/m/n on input line 17.
LaTeX Font Info:    ... okay on input line 17.
LaTeX Font Info:    Checking defaults for OMX/cmex/m/n on input line 17.
LaTeX Font Info:    ... okay on input line 17.
LaTeX Font Info:    Checking defaults for U/cmr/m/n on input line 17.
LaTeX Font Info:    ... okay on input line 17.
LaTeX Font Info:    Checking defaults for PD1/pdf/m/n on input line 17.
LaTeX Font Info:    ... okay on input line 17.

(/usr/local/texlive/2015/texmf-dist/tex/context/base/supp-pdf.mkii
[Loading MPS to PDF converter (version 2006.09.02).]
\scratchcounter=\count157
\scratchdimen=\dimen138
\scratchbox=\box56
\nofMPsegments=\count158
\nofMParguments=\count159
\everyMPshowfont=\toks27
\MPscratchCnt=\count160
\MPscratchDim=\dimen139
\MPnumerator=\count161
\makeMPintoPDFobject=\count162
\everyMPtoPDFconversion=\toks28
) (/usr/local/texlive/2015/texmf-dist/tex/latex/oberdiek/epstopdf-base.sty
Package: epstopdf-base 2010/02/09 v2.5 Base part for package epstopdf

(/usr/local/texlive/2015/texmf-dist/tex/latex/oberdiek/grfext.sty
Package: grfext 2010/08/19 v1.1 Manage graphics extensions (HO)
)
Package grfext Info: Graphics extension search list:
(grfext)             [.png,.pdf,.jpg,.mps,.jpeg,.jbig2,.jb2,.PNG,.PDF,.JPG,.JPE
G,.JBIG2,.JB2,.eps]
(grfext)             \AppendGraphicsExtensions on input line 452.

(/usr/local/texlive/2015/texmf-dist/tex/latex/latexconfig/epstopdf-sys.cfg
File: epstopdf-sys.cfg 2010/07/13 v1.3 Configuration of (r)epstopdf for TeX Liv
e
))
\AtBeginShipoutBox=\box57
Package hyperref Info: Link coloring ON on input line 17.

(/usr/local/texlive/2015/texmf-dist/tex/latex/hyperref/nameref.sty
Package: nameref 2012/10/27 v2.43 Cross-referencing by name of section

(/usr/local/texlive/2015/texmf-dist/tex/generic/oberdiek/gettitlestring.sty
Package: gettitlestring 2010/12/03 v1.4 Cleanup title references (HO)
)
\c@section@level=\count163
)
LaTeX Info: Redefining \ref on input line 17.
LaTeX Info: Redefining \pageref on input line 17.
LaTeX Info: Redefining \nameref on input line 17.
\openout3 = `vaught_2017Notes.bib'.

LaTeX Font Info:    Try loading font information for U+lasy on input line 35.

(/usr/local/texlive/2015/texmf-dist/tex/latex/base/ulasy.fd
File: ulasy.fd 1998/08/17 v2.2e LaTeX symbol font definitions
)
LaTeX Font Info:    Try loading font information for U+msa on input line 35.

(/usr/local/texlive/2015/texmf-dist/tex/latex/amsfonts/umsa.fd
File: umsa.fd 2013/01/14 v3.01 AMS symbols A
)
LaTeX Font Info:    Try loading font information for U+msb on input line 35.

(/usr/local/texlive/2015/texmf-dist/tex/latex/amsfonts/umsb.fd
File: umsb.fd 2013/01/14 v3.01 AMS symbols B
) [1{/usr/local/texlive/2015/texmf-var/fonts/map/pdftex/updmap/pdftex.map}] [2]

<../Figures/fors2_color_imstamps.pdf, id=122, 620.47519pt x 119.95906pt>
File: ../Figures/fors2_color_imstamps.pdf Graphic file (type pdf)

<use ../Figures/fors2_color_imstamps.pdf>
Package pdftex.def Info: ../Figures/fors2_color_imstamps.pdf used on input line
 104.
(pdftex.def)             Requested size: 452.94312pt x 87.56937pt.

<../Figures/filt_26_spectra.pdf, id=127, 433.62pt x 289.08pt>
File: ../Figures/filt_26_spectra.pdf Graphic file (type pdf)

<use ../Figures/filt_26_spectra.pdf>
Package pdftex.def Info: ../Figures/filt_26_spectra.pdf used on input line 111.

(pdftex.def)             Requested size: 256.55872pt x 171.04533pt.

<../Figures/filt_36_spectra.pdf, id=128, 433.62pt x 289.08pt>
File: ../Figures/filt_36_spectra.pdf Graphic file (type pdf)

<use ../Figures/filt_36_spectra.pdf>
Package pdftex.def Info: ../Figures/filt_36_spectra.pdf used on input line 111.

(pdftex.def)             Requested size: 256.55872pt x 171.04533pt.

Overfull \hbox (2.05554pt too wide) detected at line 111
 []   [] 
 []

<../Figures/filt_03_spectra.pdf, id=129, 433.62pt x 289.08pt>
File: ../Figures/filt_03_spectra.pdf Graphic file (type pdf)

<use ../Figures/filt_03_spectra.pdf>
Package pdftex.def Info: ../Figures/filt_03_spectra.pdf used on input line 113.

(pdftex.def)             Requested size: 256.55872pt x 171.04533pt.

<../Figures/filt_64_spectra.pdf, id=130, 433.62pt x 289.08pt>
File: ../Figures/filt_64_spectra.pdf Graphic file (type pdf)

<use ../Figures/filt_64_spectra.pdf>
Package pdftex.def Info: ../Figures/filt_64_spectra.pdf used on input line 113.

(pdftex.def)             Requested size: 256.55872pt x 171.04533pt.

Overfull \hbox (2.05554pt too wide) detected at line 113
 []   [] 
 []

<../Figures/filt_57_spectra.pdf, id=131, 433.62pt x 289.08pt>
File: ../Figures/filt_57_spectra.pdf Graphic file (type pdf)

<use ../Figures/filt_57_spectra.pdf>
Package pdftex.def Info: ../Figures/filt_57_spectra.pdf used on input line 114.

(pdftex.def)             Requested size: 256.55872pt x 171.04533pt.


Class revtex4-1 Warning: Float cannot be placed.

<../Figures/avg_seeing_HEII.pdf, id=132, 433.62pt x 289.08pt>
File: ../Figures/avg_seeing_HEII.pdf Graphic file (type pdf)

<use ../Figures/avg_seeing_HEII.pdf>
Package pdftex.def Info: ../Figures/avg_seeing_HEII.pdf used on input line 121.

(pdftex.def)             Requested size: 238.49173pt x 158.99448pt.

<../Figures/avg_seeing_HEII3000.pdf, id=133, 433.62pt x 289.08pt>
File: ../Figures/avg_seeing_HEII3000.pdf Graphic file (type pdf)

<use ../Figures/avg_seeing_HEII3000.pdf>
Package pdftex.def Info: ../Figures/avg_seeing_HEII3000.pdf used on input line 
122.
(pdftex.def)             Requested size: 238.49173pt x 158.99448pt.


LaTeX Warning: `h' float specifier changed to `ht'.


LaTeX Warning: `!h' float specifier changed to `!ht'.

[3] <../Figures/HEII_final.png, id=172, 693.59125pt x 394.47375pt>
File: ../Figures/HEII_final.png Graphic file (type png)

<use ../Figures/HEII_final.png>
Package pdftex.def Info: ../Figures/HEII_final.png used on input line 197.
(pdftex.def)             Requested size: 423.09004pt x 240.62863pt.

<../Figures/HEII3000_final.png, id=174, 691.58376pt x 393.47pt>
File: ../Figures/HEII3000_final.png Graphic file (type png)

<use ../Figures/HEII3000_final.png>
Package pdftex.def Info: ../Figures/HEII3000_final.png used on input line 198.
(pdftex.def)             Requested size: 421.86548pt x 240.01634pt.
 [4 <../Figures/fors2_color_imstamps.pdf, page is rotated 270 degrees>]

LaTeX Warning: A float is stuck (cannot be placed) on input line 206.

[5 <../Figures/filt_26_spectra.pdf> <../Figures/filt_36_spectra.pdf

pdfTeX warning: /Library/TeX/texbin/pdflatex (file ../Figures/filt_36_spectra.p
df): PDF inclusion: multiple pdfs with page group included in a single page
> <../Figures/filt_03_spectra.pdf

pdfTeX warning: /Library/TeX/texbin/pdflatex (file ../Figures/filt_03_spectra.p
df): PDF inclusion: multiple pdfs with page group included in a single page
> <../Figures/filt_64_spectra.pdf

pdfTeX warning: /Library/TeX/texbin/pdflatex (file ../Figures/filt_64_spectra.p
df): PDF inclusion: multiple pdfs with page group included in a single page
> <../Figures/filt_57_spectra.pdf

pdfTeX warning: /Library/TeX/texbin/pdflatex (file ../Figures/filt_57_spectra.p
df): PDF inclusion: multiple pdfs with page group included in a single page
>]

LaTeX Warning: A float is stuck (cannot be placed) on input line 206.


Class revtex4-1 Warning: Deferred float stuck during \clearpage processing.

<../Figures/stamps.pdf, id=597, 592.14977pt x 305.05782pt>
File: ../Figures/stamps.pdf Graphic file (type pdf)

<use ../Figures/stamps.pdf>
Package pdftex.def Info: ../Figures/stamps.pdf used on input line 227.
(pdftex.def)             Requested size: 414.502pt x 213.539pt.
 <../Figures/J_26.pdf, id=601, 433.62pt x 289.08pt>
File: ../Figures/J_26.pdf Graphic file (type pdf)

<use ../Figures/J_26.pdf>
Package pdftex.def Info: ../Figures/J_26.pdf used on input line 242.
(pdftex.def)             Requested size: 256.55872pt x 171.04533pt.
 <../Figures/J_36.pdf, id=602, 433.62pt x 289.08pt>
File: ../Figures/J_36.pdf Graphic file (type pdf)

<use ../Figures/J_36.pdf>
Package pdftex.def Info: ../Figures/J_36.pdf used on input line 242.
(pdftex.def)             Requested size: 256.55872pt x 171.04533pt.

Overfull \hbox (2.05554pt too wide) detected at line 242
 []   [] 
 []

<../Figures/J_03.pdf, id=603, 433.62pt x 289.08pt>
File: ../Figures/J_03.pdf Graphic file (type pdf)
 <use ../Figures/J_03.pdf>
Package pdftex.def Info: ../Figures/J_03.pdf used on input line 244.
(pdftex.def)             Requested size: 256.55872pt x 171.04533pt.

<../Figures/J_64.pdf, id=604, 433.62pt x 289.08pt>
File: ../Figures/J_64.pdf Graphic file (type pdf)
 <use ../Figures/J_64.pdf>
Package pdftex.def Info: ../Figures/J_64.pdf used on input line 244.
(pdftex.def)             Requested size: 256.55872pt x 171.04533pt.

Overfull \hbox (2.05554pt too wide) detected at line 244
 []   [] 
 []

<../Figures/J_57.pdf, id=605, 433.62pt x 289.08pt>
File: ../Figures/J_57.pdf Graphic file (type pdf)
 <use ../Figures/J_57.pdf>
Package pdftex.def Info: ../Figures/J_57.pdf used on input line 245.
(pdftex.def)             Requested size: 256.55872pt x 171.04533pt.


LaTeX Warning: Float too large for page by 1.81711pt on input line 248.

[6 <../Figures/avg_seeing_HEII.pdf> <../Figures/avg_seeing_HEII3000.pdf

pdfTeX warning: /Library/TeX/texbin/pdflatex (file ../Figures/avg_seeing_HEII30
00.pdf): PDF inclusion: multiple pdfs with page group included in a single page

>] [7 <../Figures/HEII_final.png> <../Figures/HEII3000_final.png>]
<../Figures/hist_sblim.pdf, id=702, 433.62pt x 289.08pt>
File: ../Figures/hist_sblim.pdf Graphic file (type pdf)

<use ../Figures/hist_sblim.pdf>
Package pdftex.def Info: ../Figures/hist_sblim.pdf used on input line 261.
(pdftex.def)             Requested size: 260.17401pt x 173.44933pt.

Overfull \hbox (17.90749pt too wide) in paragraph at lines 261--262
 [][] 
 []


LaTeX Warning: `h' float specifier changed to `ht'.

[8 <../Figures/stamps.pdf>] [9 <../Figures/J_26.pdf> <../Figures/J_36.pdf

pdfTeX warning: /Library/TeX/texbin/pdflatex (file ../Figures/J_36.pdf): PDF in
clusion: multiple pdfs with page group included in a single page
> <../Figures/J_03.pdf

pdfTeX warning: /Library/TeX/texbin/pdflatex (file ../Figures/J_03.pdf): PDF in
clusion: multiple pdfs with page group included in a single page
> <../Figures/J_64.pdf

pdfTeX warning: /Library/TeX/texbin/pdflatex (file ../Figures/J_64.pdf): PDF in
clusion: multiple pdfs with page group included in a single page
> <../Figures/J_57.pdf

pdfTeX warning: /Library/TeX/texbin/pdflatex (file ../Figures/J_57.pdf): PDF in
clusion: multiple pdfs with page group included in a single page
>]

LaTeX Warning: A float is stuck (cannot be placed) on input line 290.


LaTeX Warning: A float is stuck (cannot be placed) on input line 290.


Class revtex4-1 Warning: Deferred float stuck during \clearpage processing.

<../Figures/sigmas.pdf, id=1108, 361.10785pt x 305.13687pt>
File: ../Figures/sigmas.pdf Graphic file (type pdf)

<use ../Figures/sigmas.pdf>
Package pdftex.def Info: ../Figures/sigmas.pdf used on input line 304.
(pdftex.def)             Requested size: 433.32724pt x 366.16241pt.


LaTeX Warning: Reference `fig:ew11' on page 10 undefined on input line 335.


LaTeX Warning: Reference `fig:ew55' on page 10 undefined on input line 335.


LaTeX Warning: Reference `fig:ew11' on page 10 undefined on input line 337.


LaTeX Warning: Reference `fig:ew55' on page 10 undefined on input line 337.


LaTeX Warning: Reference `fig:ew44' on page 10 undefined on input line 337.

[10 <../Figures/hist_sblim.pdf>]

Class revtex4-1 Warning: Dequeueing of floats stalled.


LaTeX Warning: A float is stuck (cannot be placed) on input line 338.

[11 <../Figures/sigmas.pdf>]

LaTeX Warning: No positions in optional float specifier.
               Default added (so using `tbp') on input line 368.


LaTeX Warning: Command \r invalid in math mode on input line 372.


LaTeX Warning: Command \r invalid in math mode on input line 372.


Overfull \hbox (2.60455pt too wide) in paragraph at lines 371--379
 []$[]$ 
 []

[12] <../Figures/limits.pdf, id=1327, 433.62pt x 289.08pt>
File: ../Figures/limits.pdf Graphic file (type pdf)

<use ../Figures/limits.pdf>
Package pdftex.def Info: ../Figures/limits.pdf used on input line 390.
(pdftex.def)             Requested size: 260.17401pt x 173.44933pt.

Overfull \hbox (17.90749pt too wide) in paragraph at lines 390--391
 [][] 
 []

<../Figures/mass_limits.pdf, id=1328, 433.62pt x 289.08pt>
File: ../Figures/mass_limits.pdf Graphic file (type pdf)

<use ../Figures/mass_limits.pdf>
Package pdftex.def Info: ../Figures/mass_limits.pdf used on input line 397.
(pdftex.def)             Requested size: 260.17401pt x 173.44933pt.

Overfull \hbox (17.90749pt too wide) in paragraph at lines 397--398
 [][] 
 []

[13 <../Figures/limits.pdf> <../Figures/mass_limits.pdf

pdfTeX warning: /Library/TeX/texbin/pdflatex (file ../Figures/mass_limits.pdf):
 PDF inclusion: multiple pdfs with page group included in a single page
>] [14] <../Figures/J26EW.pdf, id=1491, 435.38661pt x 136.29639pt>
File: ../Figures/J26EW.pdf Graphic file (type pdf)

<use ../Figures/J26EW.pdf>
Package pdftex.def Info: ../Figures/J26EW.pdf used on input line 437.
(pdftex.def)             Requested size: 410.4955pt x 128.50543pt.

<../Figures/J36EW.pdf, id=1492, 435.38661pt x 136.29639pt>
File: ../Figures/J36EW.pdf Graphic file (type pdf)

<use ../Figures/J36EW.pdf>
Package pdftex.def Info: ../Figures/J36EW.pdf used on input line 438.
(pdftex.def)             Requested size: 410.4955pt x 128.50543pt.

<../Figures/J03EW.pdf, id=1493, 435.38661pt x 136.29639pt>
File: ../Figures/J03EW.pdf Graphic file (type pdf)

<use ../Figures/J03EW.pdf>
Package pdftex.def Info: ../Figures/J03EW.pdf used on input line 439.
(pdftex.def)             Requested size: 410.4955pt x 128.50543pt.

<../Figures/J64EW.pdf, id=1494, 435.38661pt x 136.82149pt>
File: ../Figures/J64EW.pdf Graphic file (type pdf)

<use ../Figures/J64EW.pdf>
Package pdftex.def Info: ../Figures/J64EW.pdf used on input line 440.
(pdftex.def)             Requested size: 410.4955pt x 129.00052pt.


LaTeX Warning: Float too large for page by 33.19792pt on input line 443.

<../Figures/ew_comb.pdf, id=1495, 433.62pt x 289.08pt>
File: ../Figures/ew_comb.pdf Graphic file (type pdf)

<use ../Figures/ew_comb.pdf>
Package pdftex.def Info: ../Figures/ew_comb.pdf used on input line 448.
(pdftex.def)             Requested size: 390.2544pt x 260.16959pt.

<../Figures/geo_J26.pdf, id=1496, 433.62pt x 289.08pt>
File: ../Figures/geo_J26.pdf Graphic file (type pdf)

<use ../Figures/geo_J26.pdf>
Package pdftex.def Info: ../Figures/geo_J26.pdf used on input line 456.
(pdftex.def)             Requested size: 256.55872pt x 171.04533pt.

<../Figures/geo_J36.pdf, id=1497, 433.62pt x 289.08pt>
File: ../Figures/geo_J36.pdf Graphic file (type pdf)

<use ../Figures/geo_J36.pdf>
Package pdftex.def Info: ../Figures/geo_J36.pdf used on input line 456.
(pdftex.def)             Requested size: 256.55872pt x 171.04533pt.

Overfull \hbox (2.05554pt too wide) detected at line 456
 []   [] 
 []

<../Figures/geo_J03.pdf, id=1498, 433.62pt x 289.08pt>
File: ../Figures/geo_J03.pdf Graphic file (type pdf)

<use ../Figures/geo_J03.pdf>
Package pdftex.def Info: ../Figures/geo_J03.pdf used on input line 458.
(pdftex.def)             Requested size: 256.55872pt x 171.04533pt.

<../Figures/geo_J64.pdf, id=1499, 433.62pt x 289.08pt>
File: ../Figures/geo_J64.pdf Graphic file (type pdf)

<use ../Figures/geo_J64.pdf>
Package pdftex.def Info: ../Figures/geo_J64.pdf used on input line 458.
(pdftex.def)             Requested size: 256.55872pt x 171.04533pt.

Overfull \hbox (2.05554pt too wide) detected at line 458
 []   [] 
 []


Class revtex4-1 Warning: Float cannot be placed.

(./vaught_2017.bbl) [15] [16 <../Figures/J26EW.pdf> <../Figures/J36EW.pdf

pdfTeX warning: /Library/TeX/texbin/pdflatex (file ../Figures/J36EW.pdf): PDF i
nclusion: multiple pdfs with page group included in a single page
> <../Figures/J03EW.pdf

pdfTeX warning: /Library/TeX/texbin/pdflatex (file ../Figures/J03EW.pdf): PDF i
nclusion: multiple pdfs with page group included in a single page
> <../Figures/J64EW.pdf

pdfTeX warning: /Library/TeX/texbin/pdflatex (file ../Figures/J64EW.pdf): PDF i
nclusion: multiple pdfs with page group included in a single page
>] [17 <../Figures/ew_comb.pdf>] [18 <../Figures/geo_J26.pdf> <../Figures/geo_J
36.pdf

pdfTeX warning: /Library/TeX/texbin/pdflatex (file ../Figures/geo_J36.pdf): PDF
 inclusion: multiple pdfs with page group included in a single page
> <../Figures/geo_J03.pdf

pdfTeX warning: /Library/TeX/texbin/pdflatex (file ../Figures/geo_J03.pdf): PDF
 inclusion: multiple pdfs with page group included in a single page
> <../Figures/geo_J64.pdf

pdfTeX warning: /Library/TeX/texbin/pdflatex (file ../Figures/geo_J64.pdf): PDF
 inclusion: multiple pdfs with page group included in a single page
>]
Package atveryend Info: Empty hook `AfterLastShipout' on input line 467.
 (./vaught_2017.aux)
Package atveryend Info: Executing hook `AtVeryEndDocument' on input line 467.
Package atveryend Info: Empty hook `AtEndAfterFileList' on input line 467.


LaTeX Warning: There were undefined references.

 ) 
Here is how much of TeX's memory you used:
 9654 strings out of 493089
 134656 string characters out of 6134842
 290828 words of memory out of 5000000
 12884 multiletter control sequences out of 15000+600000
 14394 words of font info for 57 fonts, out of 8000000 for 9000
 1141 hyphenation exceptions out of 8191
 36i,16n,37p,1600b,389s stack positions out of 5000i,500n,10000p,200000b,80000s
</usr/local/texlive/2015/texmf-dist/fonts/type1/public/amsfonts/cm/cmbx10.pfb
></usr/local/texlive/2015/texmf-dist/fonts/type1/public/amsfonts/cm/cmbx8.pfb><
/usr/local/texlive/2015/texmf-dist/fonts/type1/public/amsfonts/cm/cmbx9.pfb></u
sr/local/texlive/2015/texmf-dist/fonts/type1/public/amsfonts/cm/cmcsc10.pfb></u
sr/local/texlive/2015/texmf-dist/fonts/type1/public/amsfonts/cm/cmex10.pfb></us
r/local/texlive/2015/texmf-dist/fonts/type1/public/amsfonts/cm/cmmi10.pfb></usr
/local/texlive/2015/texmf-dist/fonts/type1/public/amsfonts/cm/cmmi5.pfb></usr/l
ocal/texlive/2015/texmf-dist/fonts/type1/public/amsfonts/cm/cmmi6.pfb></usr/loc
al/texlive/2015/texmf-dist/fonts/type1/public/amsfonts/cm/cmmi7.pfb></usr/local
/texlive/2015/texmf-dist/fonts/type1/public/amsfonts/cm/cmmi8.pfb></usr/local/t
exlive/2015/texmf-dist/fonts/type1/public/amsfonts/cm/cmmi9.pfb></usr/local/tex
live/2015/texmf-dist/fonts/type1/public/amsfonts/cm/cmr10.pfb></usr/local/texli
ve/2015/texmf-dist/fonts/type1/public/amsfonts/cm/cmr6.pfb></usr/local/texlive/
2015/texmf-dist/fonts/type1/public/amsfonts/cm/cmr7.pfb></usr/local/texlive/201
5/texmf-dist/fonts/type1/public/amsfonts/cm/cmr8.pfb></usr/local/texlive/2015/t
exmf-dist/fonts/type1/public/amsfonts/cm/cmr9.pfb></usr/local/texlive/2015/texm
f-dist/fonts/type1/public/amsfonts/cm/cmsy10.pfb></usr/local/texlive/2015/texmf
-dist/fonts/type1/public/amsfonts/cm/cmsy6.pfb></usr/local/texlive/2015/texmf-d
ist/fonts/type1/public/amsfonts/cm/cmsy7.pfb></usr/local/texlive/2015/texmf-dis
t/fonts/type1/public/amsfonts/cm/cmsy9.pfb></usr/local/texlive/2015/texmf-dist/
fonts/type1/public/amsfonts/cm/cmti10.pfb></usr/local/texlive/2015/texmf-dist/f
onts/type1/public/amsfonts/cm/cmti8.pfb></usr/local/texlive/2015/texmf-dist/fon
ts/type1/public/amsfonts/cm/cmti9.pfb>
Output written on vaught_2017.pdf (18 pages, 2834774 bytes).
PDF statistics:
 2177 PDF objects out of 2487 (max. 8388607)
 926 compressed objects within 10 object streams
 117 named destinations out of 1000 (max. 500000)
 146 words of extra memory for PDF output out of 10000 (max. 10000000)

